alacritty
appmenu-gtk-module
arandr
aspell
aspell-en
aspell-fr
autorandr
base
base-devel
bash-language-server
bat
bc
bind
chezmoi
chromium
clang
cmake
ddcutil
discord
dkms
dmenu
dmidecode
dunst
efibootmgr
emacs-nativecomp
eza
fd
feh
firefox
fzf
gdb
git
glslang
gnuplot
go
graphviz
htop
hyperfine
i3-wm
i3blocks
i3lock
i3status
intel-ucode
ipython
iwd
jupyter-notebook
kitty
languagetool
libappindicator-gtk3
libvips
lightdm
lightdm-gtk-greeter
linux
linux-firmware
linux-headers
lldb
lldb-mi
lua-language-server
maim
man-db
nano
neofetch
neovim
networkmanager
npm
nvidia
openssh
pacman-contrib
pandoc-cli
pavucontrol
picom
pipewire
pipewire-alsa
pipewire-audio
pipewire-jack
pipewire-pulse
playerctl
poppler-glib
pyright
python
python-i3ipc
python-matplotlib
python-numpy
python-pandas
python-pip
python-pipx
python-pynvim
python-scipy
redshift
ripgrep
ruby
shellcheck
shfmt
smartmontools
spotify-launcher
starship
syncthing
texlive-basic
texlive-bibtexextra
texlive-binextra
texlive-context
texlive-fontsextra
texlive-fontsrecommended
texlive-fontutils
texlive-formatsextra
texlive-games
texlive-humanities
texlive-langcjk
texlive-langfrench
texlive-langother
texlive-latexextra
texlive-latexrecommended
texlive-luatex
texlive-mathscience
texlive-metapost
texlive-music
texlive-pictures
texlive-plaingeneric
texlive-pstricks
texlive-publishers
texlive-xetex
thunderbird
tk
ttf-hack-nerd
ttf-jetbrains-mono-nerd
ttf-nerd-fonts-symbols
unzip
vim
vlc
vscode-json-languageserver
webkit2gtk
wget
wireless_tools
wireplumber
xclip
xcolor
xdg-utils
xdotool
xorg-xinput
xorg-xrandr
xorg-xwininfo
xterm
zathura
zathura-pdf-poppler
zellij
zip
zoxide
zram-generator
zsh
zsh-syntax-highlighting
